SF:c:\devs\courses\CsharpBackL7\project\Calculator.cs
FN:3,System.Int32 Calculator::Add(System.Int32,System.Int32)
FNDA:5,System.Int32 Calculator::Add(System.Int32,System.Int32)
DA:4,5
FN:4,System.Int32 Calculator::Div(System.Int32,System.Int32)
FNDA:6,System.Int32 Calculator::Div(System.Int32,System.Int32)
DA:5,6
FN:5,System.Int32 Calculator::Mul(System.Int32,System.Int32)
FNDA:5,System.Int32 Calculator::Mul(System.Int32,System.Int32)
DA:6,5
FN:2,System.Void Calculator::.ctor()
FNDA:48,System.Void Calculator::.ctor()
DA:3,48
LF:4
LH:4
BRF:0
BRH:0
FNF:4
FNH:4
end_of_record
SF:C:\Users\jcheritat\.nuget\packages\microsoft.net.test.sdk\17.4.1\build\netcoreapp3.1\Microsoft.NET.Test.Sdk.Program.cs
FN:3,System.Void AutoGeneratedProgram::Main(System.String[])
FNDA:0,System.Void AutoGeneratedProgram::Main(System.String[])
DA:4,0
LF:1
LH:0
BRF:0
BRH:0
FNF:1
FNH:0
end_of_record