SF:c:\devs\courses\CsharpBackL7\project\Calculator.cs
FN:12,System.Int32 Calculator::Add(System.Int32,System.Int32)
FNDA:0,System.Int32 Calculator::Add(System.Int32,System.Int32)
DA:13,0
FN:13,System.Int32 Calculator::Div(System.Int32,System.Int32)
FNDA:0,System.Int32 Calculator::Div(System.Int32,System.Int32)
DA:14,0
FN:14,System.Int32 Calculator::Mul(System.Int32,System.Int32)
FNDA:0,System.Int32 Calculator::Mul(System.Int32,System.Int32)
DA:15,0
FN:11,System.Void Calculator::.ctor()
FNDA:0,System.Void Calculator::.ctor()
DA:12,0
LF:4
LH:0
BRF:0
BRH:0
FNF:4
FNH:0
end_of_record
SF:c:\devs\courses\CsharpBackL7\project\MicroCalc.cs
FN:11,System.String MicroCalc::Add(System.String,System.String)
FNDA:0,System.String MicroCalc::Add(System.String,System.String)
DA:12,0
DA:13,0
DA:14,0
DA:15,0
DA:16,0
FN:18,System.ValueTuple`2<System.Int32,System.Int32> MicroCalc::Parse(System.String,System.String)
FNDA:0,System.ValueTuple`2<System.Int32,System.Int32> MicroCalc::Parse(System.String,System.String)
DA:19,0
DA:20,0
DA:21,0
DA:22,0
DA:23,0
FN:24,System.String MicroCalc::Minus(System.String,System.String)
FNDA:0,System.String MicroCalc::Minus(System.String,System.String)
DA:25,0
DA:26,0
DA:27,0
DA:28,0
DA:29,0
FN:30,System.String MicroCalc::Mul(System.String,System.String)
FNDA:0,System.String MicroCalc::Mul(System.String,System.String)
DA:31,0
DA:32,0
DA:33,0
DA:34,0
DA:35,0
FN:4,System.Void MicroCalc::.ctor(ICalculator`1<System.Int32>,INumberConverter`1<System.Int32>)
FNDA:0,System.Void MicroCalc::.ctor(ICalculator`1<System.Int32>,INumberConverter`1<System.Int32>)
DA:5,0
DA:6,0
DA:7,0
DA:8,0
DA:9,0
LF:25
LH:0
BRF:0
BRH:0
FNF:5
FNH:0
end_of_record
SF:c:\devs\courses\CsharpBackL7\project\ModNCalculator.cs
FN:12,System.Int32 ModNCalculator::Add(System.Int32,System.Int32)
FNDA:0,System.Int32 ModNCalculator::Add(System.Int32,System.Int32)
DA:13,0
FN:13,System.Int32 ModNCalculator::Div(System.Int32,System.Int32)
FNDA:0,System.Int32 ModNCalculator::Div(System.Int32,System.Int32)
DA:14,0
FN:14,System.Int32 ModNCalculator::Mul(System.Int32,System.Int32)
FNDA:0,System.Int32 ModNCalculator::Mul(System.Int32,System.Int32)
DA:15,0
FN:3,System.Void ModNCalculator::.ctor(System.Int32)
FNDA:0,System.Void ModNCalculator::.ctor(System.Int32)
DA:4,0
DA:5,0
DA:6,0
DA:7,0
DA:8,0
DA:9,0
DA:11,0
DA:12,0
BRDA:7,25,0,0
BRDA:7,25,1,0
LF:11
LH:0
BRF:2
BRH:0
FNF:4
FNH:0
end_of_record
SF:c:\devs\courses\CsharpBackL7\project\RomanNumeralConverter.cs
FN:20,System.Int32 RomanNumeralConverter::Parse(System.String)
FNDA:0,System.Int32 RomanNumeralConverter::Parse(System.String)
DA:21,0
DA:22,0
DA:23,0
DA:24,0
FN:25,System.Int32 RomanNumeralConverter::Parse(System.ReadOnlySpan`1<System.Char>)
FNDA:0,System.Int32 RomanNumeralConverter::Parse(System.ReadOnlySpan`1<System.Char>)
DA:26,0
DA:27,0
DA:28,0
DA:29,0
DA:31,0
DA:32,0
DA:33,0
DA:34,0
DA:35,0
DA:36,0
DA:37,0
DA:38,0
DA:39,0
DA:43,0
DA:45,0
DA:47,0
DA:48,0
DA:49,0
DA:51,0
DA:52,0
DA:53,0
DA:54,0
DA:55,0
BRDA:27,19,0,0
BRDA:27,19,1,0
BRDA:33,171,1,0
BRDA:36,70,0,0
BRDA:36,70,1,0
BRDA:47,132,0,0
BRDA:47,132,1,0
BRDA:33,171,0,0
FN:57,System.Void RomanNumeralConverter::ThrowIfDoubleGroup(System.ReadOnlySpan`1<System.Char>,System.String)
FNDA:0,System.Void RomanNumeralConverter::ThrowIfDoubleGroup(System.ReadOnlySpan`1<System.Char>,System.String)
DA:58,0
DA:59,0
DA:60,0
DA:61,0
BRDA:59,8,0,0
BRDA:59,8,1,0
BRDA:59,27,0,0
BRDA:59,27,1,0
FN:63,System.Void RomanNumeralConverter::ThrowIfIndexTooHigh(System.Int32)
FNDA:0,System.Void RomanNumeralConverter::ThrowIfIndexTooHigh(System.Int32)
DA:64,0
DA:65,0
DA:66,0
DA:67,0
BRDA:65,17,0,0
BRDA:65,17,1,0
FN:69,System.String RomanNumeralConverter::Stringify(System.Int32)
FNDA:0,System.String RomanNumeralConverter::Stringify(System.Int32)
DA:70,0
DA:71,0
DA:72,0
DA:73,0
DA:74,0
DA:75,0
DA:76,0
DA:77,0
DA:78,0
DA:79,0
DA:80,0
DA:81,0
DA:83,0
DA:84,0
DA:85,0
DA:86,0
DA:87,0
DA:88,0
BRDA:72,14,0,0
BRDA:72,14,1,0
BRDA:75,101,1,0
BRDA:77,53,0,0
BRDA:77,53,1,0
BRDA:75,101,0,0
FN:90,System.Void RomanNumeralConverter::ThrowIfNegative(System.Int32)
FNDA:0,System.Void RomanNumeralConverter::ThrowIfNegative(System.Int32)
DA:91,0
DA:92,0
DA:93,0
DA:94,0
DA:96,0
BRDA:92,7,0,0
BRDA:92,7,1,0
FN:5,System.Void RomanNumeralConverter::.ctor()
FNDA:0,System.Void RomanNumeralConverter::.ctor()
DA:6,0
DA:7,0
DA:8,0
DA:9,0
DA:10,0
DA:11,0
DA:13,0
DA:14,0
DA:15,0
DA:16,0
DA:17,0
DA:18,0
LF:70
LH:0
BRF:22
BRH:0
FNF:7
FNH:0
end_of_record
SF:C:\Users\jcheritat\.nuget\packages\microsoft.net.test.sdk\17.4.1\build\netcoreapp3.1\Microsoft.NET.Test.Sdk.Program.cs
FN:3,System.Void AutoGeneratedProgram::Main(System.String[])
FNDA:0,System.Void AutoGeneratedProgram::Main(System.String[])
DA:4,0
LF:1
LH:0
BRF:0
BRH:0
FNF:1
FNH:0
end_of_record